<?xml version="1.0" encoding="UTF-8"?>
<testsuite errors="0" failures="0" file=".py" name="Test-20190610034035" skipped="0" tests="19" time="0.016" timestamp="2019-06-10T03:40:35">
	<testcase classname="Test" file="test.py" line="10" name="test_cotizador_ID" time="0.005" timestamp="2019-06-10T03:40:35">
		<system-out>
<![CDATA[]]>		</system-out>
		<system-err>
<![CDATA[]]>		</system-err>
	</testcase>
	<testcase classname="Test" file="test.py" line="17" name="test_cotizar_seguro_ciudad_no_valida" time="0.000" timestamp="2019-06-10T03:40:35">
		<system-out>
<![CDATA[]]>		</system-out>
		<system-err>
<![CDATA[]]>		</system-err>
	</testcase>
	<testcase classname="Test" file="test.py" line="13" name="test_cotizar_seguro_ciudad_valida" time="0.001" timestamp="2019-06-10T03:40:35">
		<system-out>
<![CDATA[]]>		</system-out>
		<system-err>
<![CDATA[]]>		</system-err>
	</testcase>
	<testcase classname="Test" file="test.py" line="34" name="test_cotizar_seguro_dependientes_1_dependiente" time="0.001" timestamp="2019-06-10T03:40:35">
		<system-out>
<![CDATA[]]>		</system-out>
		<system-err>
<![CDATA[]]>		</system-err>
	</testcase>
	<testcase classname="Test" file="test.py" line="38" name="test_cotizar_seguro_dependientes_2_dependiente" time="0.000" timestamp="2019-06-10T03:40:35">
		<system-out>
<![CDATA[]]>		</system-out>
		<system-err>
<![CDATA[]]>		</system-err>
	</testcase>
	<testcase classname="Test" file="test.py" line="42" name="test_cotizar_seguro_dependientes_3_dependiente" time="0.001" timestamp="2019-06-10T03:40:35">
		<system-out>
<![CDATA[]]>		</system-out>
		<system-err>
<![CDATA[]]>		</system-err>
	</testcase>
	<testcase classname="Test" file="test.py" line="46" name="test_cotizar_seguro_dependientes_4_dependiente" time="0.000" timestamp="2019-06-10T03:40:35">
		<system-out>
<![CDATA[]]>		</system-out>
		<system-err>
<![CDATA[]]>		</system-err>
	</testcase>
	<testcase classname="Test" file="test.py" line="25" name="test_cotizar_seguro_dependientes_excedentes" time="0.001" timestamp="2019-06-10T03:40:35">
		<system-out>
<![CDATA[]]>		</system-out>
		<system-err>
<![CDATA[]]>		</system-err>
	</testcase>
	<testcase classname="Test" file="test.py" line="21" name="test_cotizar_seguro_dependientes_fuera_rango" time="0.000" timestamp="2019-06-10T03:40:35">
		<system-out>
<![CDATA[]]>		</system-out>
		<system-err>
<![CDATA[]]>		</system-err>
	</testcase>
	<testcase classname="Test" file="test.py" line="30" name="test_cotizar_seguro_dependientes_sin_dependientes" time="0.001" timestamp="2019-06-10T03:40:35">
		<system-out>
<![CDATA[]]>		</system-out>
		<system-err>
<![CDATA[]]>		</system-err>
	</testcase>
	<testcase classname="Test" file="test.py" line="50" name="test_cotizar_seguro_edad_fuera_rango" time="0.001" timestamp="2019-06-10T03:40:35">
		<system-out>
<![CDATA[]]>		</system-out>
		<system-err>
<![CDATA[]]>		</system-err>
	</testcase>
	<testcase classname="Test" file="test.py" line="74" name="test_cotizar_seguro_valor_adicional_hombre_con_infarto" time="0.000" timestamp="2019-06-10T03:40:35">
		<system-out>
<![CDATA[]]>		</system-out>
		<system-err>
<![CDATA[]]>		</system-err>
	</testcase>
	<testcase classname="Test" file="test.py" line="78" name="test_cotizar_seguro_valor_adicional_hombre_mayor_con_diabetes" time="0.001" timestamp="2019-06-10T03:40:35">
		<system-out>
<![CDATA[]]>		</system-out>
		<system-err>
<![CDATA[]]>		</system-err>
	</testcase>
	<testcase classname="Test" file="test.py" line="58" name="test_cotizar_seguro_valor_adicional_hombres_jovenes_y_casadas" time="0.001" timestamp="2019-06-10T03:40:35">
		<system-out>
<![CDATA[]]>		</system-out>
		<system-err>
<![CDATA[]]>		</system-err>
	</testcase>
	<testcase classname="Test" file="test.py" line="66" name="test_cotizar_seguro_valor_adicional_hombres_jovenes_y_soltero" time="0.000" timestamp="2019-06-10T03:40:35">
		<system-out>
<![CDATA[]]>		</system-out>
		<system-err>
<![CDATA[]]>		</system-err>
	</testcase>
	<testcase classname="Test" file="test.py" line="70" name="test_cotizar_seguro_valor_adicional_mujer_con_osteoporosis" time="0.001" timestamp="2019-06-10T03:40:35">
		<system-out>
<![CDATA[]]>		</system-out>
		<system-err>
<![CDATA[]]>		</system-err>
	</testcase>
	<testcase classname="Test" file="test.py" line="82" name="test_cotizar_seguro_valor_adicional_mujer_mayor_con_cancer" time="0.001" timestamp="2019-06-10T03:40:35">
		<system-out>
<![CDATA[]]>		</system-out>
		<system-err>
<![CDATA[]]>		</system-err>
	</testcase>
	<testcase classname="Test" file="test.py" line="54" name="test_cotizar_seguro_valor_adicional_mujeres_jovenes_y_casadas" time="0.000" timestamp="2019-06-10T03:40:35">
		<system-out>
<![CDATA[]]>		</system-out>
		<system-err>
<![CDATA[]]>		</system-err>
	</testcase>
	<testcase classname="Test" file="test.py" line="62" name="test_cotizar_seguro_valor_adicional_mujeres_jovenes_y_soltera" time="0.001" timestamp="2019-06-10T03:40:35">
		<system-out>
<![CDATA[]]>		</system-out>
		<system-err>
<![CDATA[]]>		</system-err>
	</testcase>
</testsuite>
